Start testing: Dec 10 20:21 PST
----------------------------------------------------------
1/8 Testing: bad-fd-read-O0
1/8 Test: bad-fd-read-O0
Command: "/afs/.ir/users/n/m/nmosier/memcheck/src/memcheck" "./bad-fd-read-O0"
Directory: /afs/.ir/users/n/m/nmosier/memcheck/tests
"bad-fd-read-O0" start time: Dec 10 20:21 PST
Output:
----------------------------------------------------------
begin_ 0x7f33cb38bfe8, ptr_ 0x7f33cb38bff0, end_ 0x7f33cb38bff8
syscall FUTEX
syscall FUTEX
memcheck: warning: FUTEX: stub
memcheck: warning: FUTEX: stub
syscall READ
syscall READ
memcheck: warning: READ: tainted syscall parameter 'fd'
READ: 0 4294967295 
orig addr: 0x7f33cb2b3f50
<end of output>
Test time =   0.19 sec
----------------------------------------------------------
Test Failed.
"bad-fd-read-O0" end time: Dec 10 20:21 PST
"bad-fd-read-O0" time elapsed: 00:00:00
----------------------------------------------------------

2/8 Testing: bad-fd-read-O1
2/8 Test: bad-fd-read-O1
Command: "/afs/.ir/users/n/m/nmosier/memcheck/src/memcheck" "./bad-fd-read-O1"
Directory: /afs/.ir/users/n/m/nmosier/memcheck/tests
"bad-fd-read-O1" start time: Dec 10 20:21 PST
Output:
----------------------------------------------------------
begin_ 0x7f31008cefe8, ptr_ 0x7f31008ceff0, end_ 0x7f31008ceff8
syscall FUTEX
syscall FUTEX
memcheck: warning: FUTEX: stub
memcheck: warning: FUTEX: stub
syscall READ
syscall READ
memcheck: warning: READ: tainted syscall parameter 'fd'
READ: 0 4294967295 
orig addr: 0x7f31007f6f50
<end of output>
Test time =   0.19 sec
----------------------------------------------------------
Test Failed.
"bad-fd-read-O1" end time: Dec 10 20:21 PST
"bad-fd-read-O1" time elapsed: 00:00:00
----------------------------------------------------------

3/8 Testing: bad-fd-read-O2
3/8 Test: bad-fd-read-O2
Command: "/afs/.ir/users/n/m/nmosier/memcheck/src/memcheck" "./bad-fd-read-O2"
Directory: /afs/.ir/users/n/m/nmosier/memcheck/tests
"bad-fd-read-O2" start time: Dec 10 20:21 PST
Output:
----------------------------------------------------------
begin_ 0x7f3c26430fe8, ptr_ 0x7f3c26430ff0, end_ 0x7f3c26430ff8
syscall FUTEX
syscall FUTEX
memcheck: warning: FUTEX: stub
memcheck: warning: FUTEX: stub
syscall READ
syscall READ
memcheck: warning: READ: tainted syscall parameter 'fd'
READ: 0 4294967295 
orig addr: 0x7f3c26358f50
<end of output>
Test time =   0.18 sec
----------------------------------------------------------
Test Failed.
"bad-fd-read-O2" end time: Dec 10 20:21 PST
"bad-fd-read-O2" time elapsed: 00:00:00
----------------------------------------------------------

4/8 Testing: bad-fd-read-O3
4/8 Test: bad-fd-read-O3
Command: "/afs/.ir/users/n/m/nmosier/memcheck/src/memcheck" "./bad-fd-read-O3"
Directory: /afs/.ir/users/n/m/nmosier/memcheck/tests
"bad-fd-read-O3" start time: Dec 10 20:21 PST
Output:
----------------------------------------------------------
begin_ 0x7fab6b49afe8, ptr_ 0x7fab6b49aff0, end_ 0x7fab6b49aff8
syscall FUTEX
syscall FUTEX
memcheck: warning: FUTEX: stub
memcheck: warning: FUTEX: stub
syscall READ
syscall READ
memcheck: warning: READ: tainted syscall parameter 'fd'
READ: 0 4294967295 
orig addr: 0x7fab6b3c2f50
<end of output>
Test time =   0.19 sec
----------------------------------------------------------
Test Failed.
"bad-fd-read-O3" end time: Dec 10 20:21 PST
"bad-fd-read-O3" time elapsed: 00:00:00
----------------------------------------------------------

5/8 Testing: bad-return-value-O0
5/8 Test: bad-return-value-O0
Command: "/afs/.ir/users/n/m/nmosier/memcheck/src/memcheck" "./bad-return-value-O0"
Directory: /afs/.ir/users/n/m/nmosier/memcheck/tests
"bad-return-value-O0" start time: Dec 10 20:21 PST
Output:
----------------------------------------------------------
begin_ 0x7fd7cf095fe8, ptr_ 0x7fd7cf095ff0, end_ 0x7fd7cf095ff8
syscall FUTEX
syscall FUTEX
memcheck: warning: FUTEX: stub
memcheck: warning: FUTEX: stub
syscall EXIT_GROUP
syscall EXIT_GROUP
exit status: 0
<end of output>
Test time =   0.02 sec
----------------------------------------------------------
Test Passed.
"bad-return-value-O0" end time: Dec 10 20:21 PST
"bad-return-value-O0" time elapsed: 00:00:00
----------------------------------------------------------

6/8 Testing: bad-return-value-O1
6/8 Test: bad-return-value-O1
Command: "/afs/.ir/users/n/m/nmosier/memcheck/src/memcheck" "./bad-return-value-O1"
Directory: /afs/.ir/users/n/m/nmosier/memcheck/tests
"bad-return-value-O1" start time: Dec 10 20:21 PST
Output:
----------------------------------------------------------
begin_ 0x7f06ab41efe8, ptr_ 0x7f06ab41eff0, end_ 0x7f06ab41eff8
syscall FUTEX
syscall FUTEX
memcheck: warning: FUTEX: stub
memcheck: warning: FUTEX: stub
syscall EXIT_GROUP
syscall EXIT_GROUP
exit status: 0
<end of output>
Test time =   0.02 sec
----------------------------------------------------------
Test Passed.
"bad-return-value-O1" end time: Dec 10 20:21 PST
"bad-return-value-O1" time elapsed: 00:00:00
----------------------------------------------------------

7/8 Testing: bad-return-value-O2
7/8 Test: bad-return-value-O2
Command: "/afs/.ir/users/n/m/nmosier/memcheck/src/memcheck" "./bad-return-value-O2"
Directory: /afs/.ir/users/n/m/nmosier/memcheck/tests
"bad-return-value-O2" start time: Dec 10 20:21 PST
Output:
----------------------------------------------------------
begin_ 0x7fd312733fe8, ptr_ 0x7fd312733ff0, end_ 0x7fd312733ff8
syscall FUTEX
syscall FUTEX
memcheck: warning: FUTEX: stub
memcheck: warning: FUTEX: stub
syscall EXIT_GROUP
syscall EXIT_GROUP
exit status: 0
<end of output>
Test time =   0.02 sec
----------------------------------------------------------
Test Passed.
"bad-return-value-O2" end time: Dec 10 20:21 PST
"bad-return-value-O2" time elapsed: 00:00:00
----------------------------------------------------------

8/8 Testing: bad-return-value-O3
8/8 Test: bad-return-value-O3
Command: "/afs/.ir/users/n/m/nmosier/memcheck/src/memcheck" "./bad-return-value-O3"
Directory: /afs/.ir/users/n/m/nmosier/memcheck/tests
"bad-return-value-O3" start time: Dec 10 20:21 PST
Output:
----------------------------------------------------------
begin_ 0x7fd5e0e0bfe8, ptr_ 0x7fd5e0e0bff0, end_ 0x7fd5e0e0bff8
syscall FUTEX
syscall FUTEX
memcheck: warning: FUTEX: stub
memcheck: warning: FUTEX: stub
syscall EXIT_GROUP
syscall EXIT_GROUP
exit status: 0
<end of output>
Test time =   0.02 sec
----------------------------------------------------------
Test Passed.
"bad-return-value-O3" end time: Dec 10 20:21 PST
"bad-return-value-O3" time elapsed: 00:00:00
----------------------------------------------------------

End testing: Dec 10 20:21 PST
